<?xml version="1.0" encoding="UTF-8"?><testsuite errors="0" failures="1" name="Google Homepage Search" skipped="1" tests="2" time="22.58" timestamp="2020-04-03 09:51:25"><testcase name="User can search with “Google Search”"><failure message="First Results are show in the list - Expected show the results word question&#10;Expected: is &lt;true&gt;&#10;     but: was &lt;false&gt;" type="java.lang.AssertionError">First Results are show in the list - Expected show the results word question
Expected: is &lt;true&gt;
     but: was &lt;false&gt;</failure><system-err>First Results are show in the list - Expected show the results word question
Expected: is &lt;true&gt;
     but: was &lt;false&gt;&#13;
step_definitions.GoogleSearchStepDefinitions.the_first_result_is_The_Name_of_the_Wind_Patrick_Rothfuss(GoogleSearchStepDefinitions.java:55)&#13;
✽.the first result is "The Name of the Wind - Patrick Rothfuss"(src/test/resources/features/google_homepage_search.feature:8)&#13;
</system-err></testcase><testcase name="User can search by using the suggestions"><skipped/></testcase></testsuite>